<?xml version="1.0" encoding="UTF-8"?>
<!-- Generated by org.testng.reporters.JUnitReportReporter -->
<testsuite hostname="VibinWorkStation" failures="0" tests="6" name="test.day3" time="0.013" errors="0" timestamp="2024-04-20T17:06:38 IST" skipped="1">
  <testcase classname="test.day3" name="MobileLogincarLoan" time="0.004"/>
  <system-out/>
  <testcase classname="test.day3" name="WebLogincarLoan" time="0.003"/>
  <system-out/>
  <testcase classname="test.day3" name="MobilesignoutcarLoan" time="0.002"/>
  <system-out/>
  <testcase classname="test.day3" name="MobilesignoutcarLoan" time="0.004"/>
  <system-out/>
  <testcase classname="test.day3" name="MobilesignoutcarLoan" time="0.000"/>
  <system-out/>
  <testcase classname="test.day3" name="MobilesignincarLoan">
    <skipped/>
  </testcase> <!-- MobilesignincarLoan -->
  <system-out/>
</testsuite> <!-- test.day3 -->
