<?xml version="1.0" encoding="UTF-8"?>
<!-- Generated by org.testng.reporters.JUnitReportReporter -->
<testsuite hostname="VibinWorkStation" failures="0" tests="2" name="test.day2" time="0.003" errors="0" timestamp="2024-04-20T17:06:38 IST" skipped="0">
  <testcase classname="test.day2" name="thirdDemo" time="0.001"/>
  <system-out/>
  <testcase classname="test.day2" name="fourthDemo" time="0.002"/>
  <system-out/>
</testsuite> <!-- test.day2 -->
